<?xml version="1.0" encoding="UTF-8"?>
<!-- Generated by org.testng.reporters.JUnitReportReporter -->
<testsuite hostname="DESKTOP-5V96AT9" name="com.AS.testcases.AddCustomer" tests="4" failures="0" timestamp="25 Nov 2019 09:20:43 GMT" time="6.504" errors="0">
  <testcase name="addNewCustomer" time="0.763" classname="com.AS.testcases.AddCustomer"/>
  <testcase name="addNewCustomer" time="4.216" classname="com.AS.testcases.AddCustomer"/>
  <testcase name="addNewCustomer" time="0.807" classname="com.AS.testcases.AddCustomer"/>
  <testcase name="addNewCustomer" time="0.718" classname="com.AS.testcases.AddCustomer"/>
</testsuite> <!-- com.AS.testcases.AddCustomer -->
