<?xml version="1.0" encoding="UTF-8"?>
<!-- Generated by org.testng.reporters.JUnitReportReporter -->
<testsuite hostname="DESKTOP-5V96AT9" name="com.AS.testcases.BankManagerLogin" tests="1" failures="0" timestamp="25 Nov 2019 09:20:43 GMT" time="5.404" errors="0">
  <testcase name="Login" time="5.404" classname="com.AS.testcases.BankManagerLogin"/>
</testsuite> <!-- com.AS.testcases.BankManagerLogin -->
